2024-08-15 12:23:39.995 | INFO     | __main__:<module>:6 - starting
2024-08-15 12:23:39.996 | INFO     | client:__init__:13 - client done
2024-08-15 12:23:39.996 | ERROR    | __main__:<module>:13 - 'Client' object has no attribute 'root'
Traceback (most recent call last):

> File "/home/lusca/projetos/notion-auto/source/main.py", line 9, in <module>
    lixo = client.new_page("lixo obj", "🤡")
           │      └ <function Client.new_page at 0x79bf15f616c0>
           └ <client.Client object at 0x79bf16187fd0>

  File "/home/lusca/projetos/notion-auto/source/client.py", line 26, in new_page
    "parent": {"type": "page_id", "page_id": self.root},
                                             └ <client.Client object at 0x79bf16187fd0>

AttributeError: 'Client' object has no attribute 'root'
2024-08-15 12:24:08.842 | INFO     | __main__:<module>:6 - starting
2024-08-15 12:24:08.843 | INFO     | client:__init__:13 - client done
2024-08-15 12:24:11.330 | INFO     | client:new_page:46 - Page lixo obj created successfully at https://www.notion.so/lixo-obj-d1ca8889a86f4dd6a347976fb4ac59a5
2024-08-15 12:30:32.045 | INFO     | __main__:<module>:7 - starting
2024-08-15 12:30:32.046 | INFO     | client:__init__:13 - client done
2024-08-15 12:30:33.435 | INFO     | client:new_page:46 - Page lixo obj created successfully at https://www.notion.so/lixo-obj-447bef5b3de1485784f66399721cdf92
2024-08-15 12:39:40.492 | INFO     | __main__:<module>:7 - starting
2024-08-15 12:39:40.493 | INFO     | client:__init__:13 - client done
2024-08-15 12:39:43.082 | INFO     | client:new_page:46 - Page lixo obj created successfully at https://www.notion.so/lixo-obj-f80072598c14446c8c47b03fcce1f2c2
2024-08-15 12:39:44.510 | INFO     | pages:add_paragraph:45 - paragraph created successfully at https://www.notion.so/lixo-obj-f80072598c14446c8c47b03fcce1f2c2
2024-08-15 12:45:53.639 | INFO     | __main__:<module>:7 - starting
2024-08-15 12:45:53.640 | INFO     | client:__init__:13 - client done
2024-08-15 12:45:54.417 | INFO     | client:new_page:46 - Page lixo obj created successfully at https://www.notion.so/lixo-obj-533d6fff2ef9476298fb613e91e785e3
2024-08-15 12:45:55.633 | INFO     | pages:add_paragraph:75 - paragraph created successfully at https://www.notion.so/lixo-obj-533d6fff2ef9476298fb613e91e785e3
2024-08-15 23:50:09.746 | INFO     | __main__:<module>:7 - starting
2024-08-15 23:50:09.747 | INFO     | client:__init__:13 - client done
2024-08-15 23:50:10.550 | INFO     | client:new_page:46 - Page lixo obj created successfully at https://www.notion.so/lixo-obj-41267fb000c44edf81bb816a0806935d
2024-08-15 23:50:11.611 | INFO     | pages:add_paragraph:81 - paragraph created successfully at https://www.notion.so/lixo-obj-41267fb000c44edf81bb816a0806935d
2024-08-15 23:51:42.589 | INFO     | __main__:<module>:7 - starting
2024-08-15 23:51:42.589 | INFO     | client:__init__:13 - client done
2024-08-15 23:51:43.297 | INFO     | client:new_page:46 - Page lixo obj created successfully at https://www.notion.so/lixo-obj-82eba84694274f18aad61ae14bdcdfd6
2024-08-15 23:51:44.037 | INFO     | pages:add_paragraph:81 - paragraph created successfully at https://www.notion.so/lixo-obj-82eba84694274f18aad61ae14bdcdfd6
2024-08-15 23:53:19.196 | INFO     | __main__:<module>:7 - starting
2024-08-15 23:53:19.197 | INFO     | client:__init__:13 - client done
2024-08-15 23:53:20.312 | INFO     | client:new_page:46 - Page lixo obj created successfully at https://www.notion.so/lixo-obj-30dfc34b5b314cd8ba9b21548d77a790
2024-08-15 23:53:22.435 | INFO     | pages:add_paragraph:81 - paragraph created successfully at https://www.notion.so/lixo-obj-30dfc34b5b314cd8ba9b21548d77a790
2024-08-15 23:56:34.207 | INFO     | __main__:<module>:7 - starting
2024-08-15 23:56:34.207 | INFO     | client:__init__:13 - client done
2024-08-15 23:56:35.265 | INFO     | client:new_page:46 - Page lixo obj created successfully at https://www.notion.so/lixo-obj-fff7c6c063de8148b3a0d7cc16e8c961
2024-08-15 23:56:35.268 | ERROR    | __main__:<module>:14 - 'str' object is not callable
Traceback (most recent call last):

> File "/home/lusca/projetos/notion-auto/source/main.py", line 11, in <module>
    lixo.add_paragraph("normal **bold** *italic*")
    │    └ <function Page.add_paragraph at 0x7460d30896c0>
    └ <pages.Page object at 0x7460d304fdf0>

  File "/home/lusca/projetos/notion-auto/source/pages.py", line 50, in add_paragraph
    texts = extract_text_formatting(text)
            │                       └ 'normal **bold** *italic*'
            └ <function extract_text_formatting at 0x7460d3303250>

  File "/home/lusca/projetos/notion-auto/source/pages.py", line 22, in extract_text_formatting
    elif normal():  # Ignorar espaços em branco
         └ 'normal '

TypeError: 'str' object is not callable
2024-08-15 23:56:50.861 | INFO     | __main__:<module>:7 - starting
2024-08-15 23:56:50.862 | INFO     | client:__init__:13 - client done
2024-08-15 23:56:51.445 | INFO     | client:new_page:46 - Page lixo obj created successfully at https://www.notion.so/lixo-obj-f46ea416049c40b3b2f78d743c844ffb
2024-08-15 23:56:54.004 | INFO     | pages:add_paragraph:81 - paragraph created successfully at https://www.notion.so/lixo-obj-f46ea416049c40b3b2f78d743c844ffb
2024-08-16 00:03:43.157 | INFO     | __main__:<module>:7 - starting
2024-08-16 00:03:43.158 | INFO     | client:__init__:13 - client done
2024-08-16 00:03:44.679 | INFO     | client:new_page:46 - Page lixo obj created successfully at https://www.notion.so/lixo-obj-dff0928353c24ccc9061bc8edff01c3f
2024-08-16 00:03:46.378 | INFO     | pages:add_paragraph:80 - paragraph created successfully at https://www.notion.so/lixo-obj-dff0928353c24ccc9061bc8edff01c3f
2024-08-16 00:05:47.826 | INFO     | __main__:<module>:7 - starting
2024-08-16 00:05:47.827 | INFO     | client:__init__:13 - client done
2024-08-16 00:05:50.081 | INFO     | client:new_page:46 - Page lixo obj created successfully at https://www.notion.so/lixo-obj-e816964950564c14839b15e1b9d5a851
2024-08-16 00:05:51.516 | INFO     | pages:add_paragraph:80 - paragraph created successfully at https://www.notion.so/lixo-obj-e816964950564c14839b15e1b9d5a851
2024-08-16 11:29:37.446 | INFO     | __main__:<module>:6 - starting
2024-08-16 11:29:37.446 | INFO     | client:__init__:13 - client done
2024-08-16 11:29:38.033 | INFO     | client:new_page:45 - Page socorro jesus created successfully at https://www.notion.so/socorro-jesus-f09e6c8ed6c5463b92a7436260cc75d2
2024-08-16 11:29:38.033 | ERROR    | __main__:<module>:14 - 'Page' object has no attribute 'page_url'
Traceback (most recent call last):

> File "/home/lusca/projetos/notion-auto/source/main.py", line 9, in <module>
    lixo = client.new_page("socorro jesus", "🤡")
           │      └ <function Client.new_page at 0x70ef51153a30>
           └ <client.Client object at 0x70ef5182fc40>

  File "/home/lusca/projetos/notion-auto/source/client.py", line 51, in new_page
    return Page(title, emoji, root, response)
           │    │      │      │     └ <Response [200]>
           │    │      │      └ '22ee7b2c71ce4331a690d2bc9a1fd976'
           │    │      └ '🤡'
           │    └ 'socorro jesus'
           └ <class 'pages.Page'>

  File "/home/lusca/projetos/notion-auto/source/pages.py", line 31, in __init__
    self.PAGE_ID = self.page_url.split('-')[-1]
    │              └ <pages.Page object at 0x70ef5182fd60>
    └ <pages.Page object at 0x70ef5182fd60>

AttributeError: 'Page' object has no attribute 'page_url'
2024-08-16 11:30:17.932 | INFO     | __main__:<module>:6 - starting
2024-08-16 11:30:17.933 | INFO     | client:__init__:13 - client done
2024-08-16 11:30:18.887 | INFO     | client:new_page:45 - Page socorro jesus created successfully at https://www.notion.so/socorro-jesus-6afedf7797cb49c9b1ff097cbd2657cb
2024-08-16 11:30:21.925 | INFO     | pages:add_paragraph:98 - paragraph created successfully at https://www.notion.so/socorro-jesus-6afedf7797cb49c9b1ff097cbd2657cb
2024-08-16 11:30:23.392 | INFO     | pages:add_banner:55 - banner added successfully to the page socorro jesus
