2024-08-16 12:02:37.848 | INFO     | __main__:<module>:6 - starting
2024-08-16 12:02:37.849 | INFO     | client:__init__:13 - client done
2024-08-16 12:02:41.605 | INFO     | client:new_page:45 - Page socorro jesus created successfully at https://www.notion.so/socorro-jesus-e64df83b3a224933aeff948f1822f7fb
2024-08-16 12:02:44.588 | INFO     | pages:add_paragraph:138 - paragraph created successfully at https://www.notion.so/socorro-jesus-e64df83b3a224933aeff948f1822f7fb
2024-08-16 12:02:45.916 | INFO     | pages:add_banner:91 - banner added successfully to the page socorro jesus
2024-08-16 12:02:46.315 | INFO     | pages:add_heading:65 - Failed to add headding. Status code: 400
2024-08-16 12:02:46.316 | INFO     | pages:add_heading:66 - {"object":"error","status":400,"code":"validation_error","message":"body failed validation: body.children[0].heading_1.rich_text should be an array, instead was `{\"type\":\"text\",\"text\":{\"content\":\"1 LIVRO\"},\"annotation...`.","request_id":"ac3d93d4-2391-476f-aeec-32562dbd3dfd"}
2024-08-16 12:02:46.733 | INFO     | pages:add_heading:65 - Failed to add headding. Status code: 400
2024-08-16 12:02:46.734 | INFO     | pages:add_heading:66 - {"object":"error","status":400,"code":"validation_error","message":"body failed validation: body.children[0].heading_2.rich_text should be an array, instead was `{\"type\":\"text\",\"text\":{\"content\":\"1 Capitulo\"},\"annotat...`.","request_id":"839d87c4-4377-4b56-8286-7b365a139d26"}
2024-08-16 12:02:47.060 | INFO     | pages:add_heading:65 - Failed to add headding. Status code: 400
2024-08-16 12:02:47.061 | INFO     | pages:add_heading:66 - {"object":"error","status":400,"code":"validation_error","message":"body failed validation: body.children[0].heading_3.rich_text should be an array, instead was `{\"type\":\"text\",\"text\":{\"content\":\"1 Seção\"},\"annotation...`.","request_id":"7b428bd4-2948-4ffc-8b18-9a228e622f1c"}
2024-08-16 12:03:51.593 | INFO     | __main__:<module>:6 - starting
2024-08-16 12:03:51.594 | INFO     | client:__init__:13 - client done
2024-08-16 12:03:52.165 | INFO     | client:new_page:45 - Page socorro jesus created successfully at https://www.notion.so/socorro-jesus-fb95a256caf44a388ddda423f84cda3b
2024-08-16 12:03:53.823 | INFO     | pages:add_paragraph:138 - paragraph created successfully at https://www.notion.so/socorro-jesus-fb95a256caf44a388ddda423f84cda3b
2024-08-16 12:03:55.544 | INFO     | pages:add_banner:91 - banner added successfully to the page socorro jesus
2024-08-16 12:03:56.670 | INFO     | pages:add_heading:65 - Failed to add headding. Status code: 400
2024-08-16 12:03:56.672 | INFO     | pages:add_heading:66 - {"object":"error","status":400,"code":"validation_error","message":"body failed validation: body.children[0].heading_1.rich_text[0].annotations.is_toggleable should be not present, instead was `false`.","request_id":"21d93ec1-e825-4992-88d9-b038115cd1c2"}
2024-08-16 12:03:57.161 | INFO     | pages:add_heading:65 - Failed to add headding. Status code: 400
2024-08-16 12:03:57.162 | INFO     | pages:add_heading:66 - {"object":"error","status":400,"code":"validation_error","message":"body failed validation: body.children[0].heading_2.rich_text[0].annotations.is_toggleable should be not present, instead was `false`.","request_id":"6e2efc7f-15b3-4254-a757-2f05a5996657"}
2024-08-16 12:03:57.528 | INFO     | pages:add_heading:65 - Failed to add headding. Status code: 400
2024-08-16 12:03:57.528 | INFO     | pages:add_heading:66 - {"object":"error","status":400,"code":"validation_error","message":"body failed validation: body.children[0].heading_3.rich_text[0].annotations.is_toggleable should be not present, instead was `true`.","request_id":"2ac9d61b-a9ac-4e9b-9f5d-e12e9c755fbc"}
2024-08-16 12:04:34.326 | INFO     | __main__:<module>:6 - starting
2024-08-16 12:04:34.326 | INFO     | client:__init__:13 - client done
2024-08-16 12:04:36.595 | INFO     | client:new_page:45 - Page socorro jesus created successfully at https://www.notion.so/socorro-jesus-56394fca1fa747dd904824a63bd21866
2024-08-16 12:04:39.374 | INFO     | pages:add_paragraph:134 - paragraph created successfully at https://www.notion.so/socorro-jesus-56394fca1fa747dd904824a63bd21866
2024-08-16 12:04:41.013 | INFO     | pages:add_banner:87 - banner added successfully to the page socorro jesus
2024-08-16 12:04:42.652 | INFO     | pages:add_heading:59 - heading added successfully at page socorro jesus
2024-08-16 12:04:43.558 | INFO     | pages:add_heading:59 - heading added successfully at page socorro jesus
2024-08-16 12:04:46.133 | INFO     | pages:add_heading:59 - heading added successfully at page socorro jesus
2024-08-16 12:05:40.951 | INFO     | __main__:<module>:6 - starting
2024-08-16 12:05:40.952 | INFO     | client:__init__:13 - client done
2024-08-16 12:05:42.065 | INFO     | client:new_page:45 - Page socorro jesus created successfully at https://www.notion.so/socorro-jesus-5e723a1ad28b4a69a1a956845ca2ab25
2024-08-16 12:05:42.800 | INFO     | pages:add_paragraph:136 - paragraph created successfully at https://www.notion.so/socorro-jesus-5e723a1ad28b4a69a1a956845ca2ab25
2024-08-16 12:05:43.887 | INFO     | pages:add_banner:89 - banner added successfully to the page socorro jesus
2024-08-16 12:05:45.411 | INFO     | pages:add_heading:61 - heading added successfully at page socorro jesus
2024-08-16 12:05:47.680 | INFO     | pages:add_heading:61 - heading added successfully at page socorro jesus
2024-08-16 12:05:48.704 | INFO     | pages:add_heading:61 - heading added successfully at page socorro jesus
2024-08-16 16:05:50.126 | INFO     | __main__:<module>:6 - starting
2024-08-16 16:05:50.127 | INFO     | client:__init__:13 - client done
2024-08-16 16:05:51.358 | INFO     | client:new_page:45 - Page socorro jesus created successfully at https://www.notion.so/socorro-jesus-f65a251dd27c41e7a3412e87193a5c5e
2024-08-16 16:05:52.326 | INFO     | pages:add_paragraph:132 - paragraph created successfully at https://www.notion.so/socorro-jesus-f65a251dd27c41e7a3412e87193a5c5e
2024-08-16 16:05:52.809 | INFO     | pages:add_banner:84 - banner added successfully to the page socorro jesus
2024-08-16 16:05:54.032 | INFO     | pages:add_heading:58 - heading added successfully at page socorro jesus
2024-08-16 16:05:57.724 | INFO     | pages:add_heading:58 - heading added successfully at page socorro jesus
2024-08-16 16:05:58.879 | INFO     | pages:add_heading:58 - heading added successfully at page socorro jesus
2024-08-16 16:05:58.880 | INFO     | __main__:<module>:19 - END
2024-08-17 05:45:52.477 | INFO     | __main__:<module>:6 - starting
2024-08-17 05:45:52.478 | INFO     | client:__init__:13 - client done
2024-08-17 05:45:54.221 | INFO     | client:new_page:51 - Page socorro jesus created successfully at https://www.notion.so/socorro-jesus-da1951c2f0ef4c1ba04ebe9be0ae8b0d
2024-08-17 05:45:55.773 | INFO     | pages:add_paragraph:132 - paragraph created successfully at https://www.notion.so/socorro-jesus-da1951c2f0ef4c1ba04ebe9be0ae8b0d
2024-08-17 05:45:56.938 | INFO     | pages:add_banner:84 - banner added successfully to the page socorro jesus
2024-08-17 05:45:57.861 | INFO     | pages:add_heading:58 - heading added successfully at page socorro jesus
2024-08-17 05:45:59.499 | INFO     | pages:add_heading:58 - heading added successfully at page socorro jesus
2024-08-17 05:46:01.855 | INFO     | pages:add_heading:58 - heading added successfully at page socorro jesus
2024-08-17 05:46:02.368 | INFO     | __main__:<module>:22 - END
2024-08-17 05:47:09.802 | INFO     | __main__:<module>:6 - starting
2024-08-17 05:47:09.803 | INFO     | client:__init__:13 - client done
2024-08-17 05:47:12.528 | INFO     | client:new_page:52 - Page socorro jesus created successfully at https://www.notion.so/socorro-jesus-48e1e54efccb4463aadb8a03bccaf09a
2024-08-17 05:47:14.049 | INFO     | pages:add_paragraph:132 - paragraph created successfully at https://www.notion.so/socorro-jesus-48e1e54efccb4463aadb8a03bccaf09a
2024-08-17 05:47:14.767 | INFO     | pages:add_banner:84 - banner added successfully to the page socorro jesus
2024-08-17 05:47:15.893 | INFO     | pages:add_heading:58 - heading added successfully at page socorro jesus
2024-08-17 05:47:16.917 | INFO     | pages:add_heading:58 - heading added successfully at page socorro jesus
2024-08-17 05:47:18.145 | INFO     | pages:add_heading:58 - heading added successfully at page socorro jesus
2024-08-17 05:47:18.561 | INFO     | __main__:<module>:22 - END
2024-08-17 05:51:53.229 | INFO     | __main__:<module>:6 - starting
2024-08-17 05:51:53.230 | INFO     | client:__init__:13 - client done
2024-08-17 05:51:54.047 | INFO     | client:new_page:53 - Page socorro jesus created successfully at https://www.notion.so/socorro-jesus-f47acc0e578943b69869d2fe2d61d4c1
2024-08-17 05:51:54.925 | INFO     | pages:add_paragraph:132 - paragraph created successfully at https://www.notion.so/socorro-jesus-f47acc0e578943b69869d2fe2d61d4c1
2024-08-17 05:51:55.502 | INFO     | pages:add_banner:84 - banner added successfully to the page socorro jesus
2024-08-17 05:51:56.802 | INFO     | pages:add_heading:58 - heading added successfully at page socorro jesus
2024-08-17 05:51:57.829 | INFO     | pages:add_heading:58 - heading added successfully at page socorro jesus
2024-08-17 05:51:59.183 | INFO     | pages:add_heading:58 - heading added successfully at page socorro jesus
2024-08-17 05:51:59.805 | INFO     | __main__:<module>:22 - END
2024-08-17 05:54:48.114 | INFO     | __main__:<module>:6 - starting
2024-08-17 05:54:48.115 | INFO     | client:__init__:13 - client done
2024-08-17 05:54:48.624 | INFO     | client:new_page:54 - Page socorro jesus created successfully at https://www.notion.so/socorro-jesus-3c906754e06b424795c8e1dc6270a2ed
2024-08-17 05:54:49.649 | INFO     | pages:add_paragraph:132 - paragraph created successfully at https://www.notion.so/socorro-jesus-3c906754e06b424795c8e1dc6270a2ed
2024-08-17 05:54:50.342 | INFO     | pages:add_banner:84 - banner added successfully to the page socorro jesus
2024-08-17 05:54:51.168 | INFO     | pages:add_heading:58 - heading added successfully at page socorro jesus
2024-08-17 05:54:52.210 | INFO     | pages:add_heading:58 - heading added successfully at page socorro jesus
2024-08-17 05:54:52.925 | INFO     | pages:add_heading:58 - heading added successfully at page socorro jesus
2024-08-17 05:54:53.437 | ERROR    | __main__:<module>:20 - Response.json() takes 1 positional argument but 2 were given
Traceback (most recent call last):

> File "/home/lusca/projetos/notion-auto/source/main.py", line 16, in <module>
    client.get_page_by_id(lixo.PAGE_ID)
    │      │              │    └ '3c906754e06b424795c8e1dc6270a2ed'
    │      │              └ <pages.Page object at 0x7f41c035ff70>
    │      └ <function Client.get_page_by_id at 0x7f41c061ee60>
    └ <client.Client object at 0x7f41c035dae0>

  File "/home/lusca/projetos/notion-auto/source/client.py", line 27, in get_page_by_id
    print(response.json("properties"))
          │        └ <function Response.json at 0x7f41c0373400>
          └ <Response [200]>

TypeError: Response.json() takes 1 positional argument but 2 were given
2024-08-17 05:54:53.445 | INFO     | __main__:<module>:22 - END
2024-08-17 05:55:50.704 | INFO     | __main__:<module>:6 - starting
2024-08-17 05:55:50.705 | INFO     | client:__init__:13 - client done
2024-08-17 05:55:51.708 | INFO     | client:new_page:54 - Page socorro jesus created successfully at https://www.notion.so/socorro-jesus-fdfe64aca8b74399bbcd98b8aa269fb8
2024-08-17 05:55:52.403 | INFO     | pages:add_paragraph:132 - paragraph created successfully at https://www.notion.so/socorro-jesus-fdfe64aca8b74399bbcd98b8aa269fb8
2024-08-17 05:55:53.653 | INFO     | pages:add_banner:84 - banner added successfully to the page socorro jesus
2024-08-17 05:55:57.032 | INFO     | pages:add_heading:58 - heading added successfully at page socorro jesus
2024-08-17 05:56:06.760 | INFO     | pages:add_heading:58 - heading added successfully at page socorro jesus
2024-08-17 05:56:07.988 | INFO     | pages:add_heading:58 - heading added successfully at page socorro jesus
2024-08-17 05:56:08.500 | INFO     | __main__:<module>:22 - END
2024-08-17 05:56:39.184 | INFO     | __main__:<module>:6 - starting
2024-08-17 05:56:39.184 | INFO     | client:__init__:13 - client done
2024-08-17 05:56:42.855 | INFO     | client:new_page:53 - Page socorro jesus created successfully at https://www.notion.so/socorro-jesus-fff7c6c063de81478068ddd287970abc
2024-08-17 05:56:43.571 | INFO     | pages:add_paragraph:132 - paragraph created successfully at https://www.notion.so/socorro-jesus-fff7c6c063de81478068ddd287970abc
2024-08-17 05:56:44.390 | INFO     | pages:add_banner:84 - banner added successfully to the page socorro jesus
2024-08-17 05:56:45.668 | INFO     | pages:add_heading:58 - heading added successfully at page socorro jesus
2024-08-17 05:56:46.457 | INFO     | pages:add_heading:58 - heading added successfully at page socorro jesus
2024-08-17 05:56:47.311 | INFO     | pages:add_heading:58 - heading added successfully at page socorro jesus
2024-08-17 05:56:47.823 | INFO     | __main__:<module>:22 - END
2024-08-17 05:58:47.468 | INFO     | __main__:<module>:6 - starting
2024-08-17 05:58:47.469 | INFO     | client:__init__:13 - client done
2024-08-17 05:58:48.048 | INFO     | client:new_page:55 - Page socorro jesus created successfully at https://www.notion.so/socorro-jesus-7a3f8d3fa7414ee0a1f79d3bddf07406
2024-08-17 05:58:48.771 | INFO     | pages:add_paragraph:132 - paragraph created successfully at https://www.notion.so/socorro-jesus-7a3f8d3fa7414ee0a1f79d3bddf07406
2024-08-17 05:58:49.266 | INFO     | pages:add_banner:84 - banner added successfully to the page socorro jesus
2024-08-17 05:58:50.954 | INFO     | pages:add_heading:58 - heading added successfully at page socorro jesus
2024-08-17 05:58:52.403 | INFO     | pages:add_heading:58 - heading added successfully at page socorro jesus
2024-08-17 05:58:56.342 | INFO     | pages:add_heading:58 - heading added successfully at page socorro jesus
2024-08-17 05:58:56.649 | INFO     | __main__:<module>:22 - END
2024-08-17 05:59:07.843 | INFO     | __main__:<module>:6 - starting
2024-08-17 05:59:07.845 | INFO     | client:__init__:13 - client done
2024-08-17 05:59:08.323 | INFO     | client:new_page:55 - Page socorro jesus created successfully at https://www.notion.so/socorro-jesus-d894297f914643efb3b75dea23464831
2024-08-17 05:59:09.453 | INFO     | pages:add_paragraph:132 - paragraph created successfully at https://www.notion.so/socorro-jesus-d894297f914643efb3b75dea23464831
2024-08-17 05:59:11.180 | INFO     | pages:add_banner:84 - banner added successfully to the page socorro jesus
2024-08-17 05:59:11.658 | INFO     | pages:add_heading:58 - heading added successfully at page socorro jesus
2024-08-17 05:59:12.478 | INFO     | pages:add_heading:58 - heading added successfully at page socorro jesus
2024-08-17 05:59:13.546 | INFO     | pages:add_heading:58 - heading added successfully at page socorro jesus
2024-08-17 05:59:13.955 | INFO     | __main__:<module>:22 - END
2024-08-17 05:59:58.546 | INFO     | __main__:<module>:6 - starting
2024-08-17 05:59:58.547 | INFO     | client:__init__:13 - client done
2024-08-17 05:59:59.526 | INFO     | client:new_page:55 - Page socorro jesus created successfully at https://www.notion.so/socorro-jesus-c7d3ce1aa2714a738c86f41892106618
2024-08-17 06:00:01.029 | INFO     | pages:add_paragraph:132 - paragraph created successfully at https://www.notion.so/socorro-jesus-c7d3ce1aa2714a738c86f41892106618
2024-08-17 06:00:02.895 | INFO     | pages:add_banner:84 - banner added successfully to the page socorro jesus
2024-08-17 06:00:05.671 | INFO     | pages:add_heading:58 - heading added successfully at page socorro jesus
2024-08-17 06:00:09.615 | INFO     | pages:add_heading:58 - heading added successfully at page socorro jesus
2024-08-17 06:00:12.327 | INFO     | pages:add_heading:58 - heading added successfully at page socorro jesus
2024-08-17 06:00:12.736 | INFO     | __main__:<module>:22 - END
2024-08-17 11:57:17.757 | INFO     | __main__:<module>:6 - starting
2024-08-17 11:57:17.758 | INFO     | client:__init__:13 - client done
2024-08-17 11:57:19.770 | INFO     | client:new_page:55 - Page socorro jesus created successfully at https://www.notion.so/socorro-jesus-941147b6659842ef95f5ec8068e4ae99
2024-08-17 11:57:20.509 | INFO     | pages:add_paragraph:138 - paragraph created successfully at https://www.notion.so/socorro-jesus-941147b6659842ef95f5ec8068e4ae99
2024-08-17 11:57:22.356 | INFO     | pages:add_banner:90 - banner added successfully to the page socorro jesus
2024-08-17 11:57:22.944 | INFO     | pages:add_heading:64 - heading added successfully at page socorro jesus
2024-08-17 11:57:23.967 | INFO     | pages:add_heading:64 - heading added successfully at page socorro jesus
2024-08-17 11:57:24.583 | INFO     | pages:add_heading:64 - heading added successfully at page socorro jesus
2024-08-17 11:57:24.991 | INFO     | __main__:<module>:22 - END
2024-08-17 11:58:41.867 | INFO     | __main__:<module>:6 - starting
2024-08-17 11:58:41.868 | INFO     | client:__init__:13 - client done
2024-08-17 11:58:42.415 | INFO     | client:new_page:56 - Page socorro jesus created successfully at https://www.notion.so/socorro-jesus-5af0375a96bd4fff8e6e3449bc688cbe
2024-08-17 11:58:43.335 | INFO     | pages:add_paragraph:138 - paragraph created successfully at https://www.notion.so/socorro-jesus-5af0375a96bd4fff8e6e3449bc688cbe
2024-08-17 11:58:43.849 | INFO     | pages:add_banner:90 - banner added successfully to the page socorro jesus
2024-08-17 11:58:44.505 | INFO     | pages:add_heading:64 - heading added successfully at page socorro jesus
2024-08-17 11:58:45.417 | INFO     | pages:add_heading:64 - heading added successfully at page socorro jesus
2024-08-17 11:58:46.099 | INFO     | pages:add_heading:64 - heading added successfully at page socorro jesus
2024-08-17 11:58:46.563 | INFO     | __main__:<module>:22 - END
