2024-08-18 13:30:43.870 | INFO     | __main__:<module>:6 - starting
2024-08-18 13:30:43.871 | INFO     | client:__init__:17 - STARTING CLIENT
2024-08-18 13:30:45.403 | INFO     | client:__init__:21 - client home defined to page test at url https://www.notion.so/test-22ee7b2c71ce4331a690d2bc9a1fd976
 (id 22ee7b2c71ce4331a690d2bc9a1fd976)
2024-08-18 13:30:45.403 | INFO     | client:__init__:22 - CLIENT DONE
2024-08-18 13:30:46.266 | INFO     | __main__:<module>:16 - END
2024-08-18 13:31:31.243 | INFO     | __main__:<module>:6 - starting
2024-08-18 13:31:31.243 | INFO     | client:__init__:17 - STARTING CLIENT
2024-08-18 13:31:32.190 | INFO     | client:__init__:21 - client home defined to page test at url https://www.notion.so/test-22ee7b2c71ce4331a690d2bc9a1fd976
 (id 22ee7b2c71ce4331a690d2bc9a1fd976)
2024-08-18 13:31:32.191 | INFO     | client:__init__:22 - CLIENT DONE
2024-08-18 13:31:33.203 | INFO     | __main__:<module>:16 - END
2024-08-18 13:31:49.425 | INFO     | __main__:<module>:6 - starting
2024-08-18 13:31:49.425 | INFO     | client:__init__:17 - STARTING CLIENT
2024-08-18 13:31:49.928 | INFO     | client:__init__:21 - client home defined to page test at url https://www.notion.so/test-22ee7b2c71ce4331a690d2bc9a1fd976
 (id 22ee7b2c71ce4331a690d2bc9a1fd976)
2024-08-18 13:31:49.929 | INFO     | client:__init__:22 - CLIENT DONE
2024-08-18 13:31:51.465 | INFO     | __main__:<module>:16 - END
2024-08-18 14:09:00.104 | INFO     | __main__:<module>:6 - starting
2024-08-18 14:09:00.104 | INFO     | client:__init__:17 - STARTING CLIENT
2024-08-18 14:09:00.572 | INFO     | client:__init__:26 - client home defined to page test at url https://www.notion.so/test-22ee7b2c71ce4331a690d2bc9a1fd976
 (id 22ee7b2c71ce4331a690d2bc9a1fd976)
2024-08-18 14:09:00.573 | INFO     | client:__init__:27 - CLIENT DONE
2024-08-18 14:09:02.176 | INFO     | __main__:<module>:16 - END
2024-08-18 14:09:13.332 | INFO     | __main__:<module>:6 - starting
2024-08-18 14:09:13.333 | INFO     | client:__init__:17 - STARTING CLIENT
2024-08-18 14:09:13.782 | INFO     | client:__init__:26 - client home defined to page test at url https://www.notion.so/test-22ee7b2c71ce4331a690d2bc9a1fd976
 (id 22ee7b2c71ce4331a690d2bc9a1fd976)
2024-08-18 14:09:13.783 | INFO     | client:__init__:27 - CLIENT DONE
2024-08-18 14:09:14.763 | INFO     | __main__:<module>:16 - END
2024-08-18 14:12:03.719 | INFO     | __main__:<module>:6 - starting
2024-08-18 14:12:03.719 | INFO     | client:__init__:17 - STARTING CLIENT
2024-08-18 14:12:04.904 | INFO     | client:__init__:26 - client home defined to page test at url https://www.notion.so/test-22ee7b2c71ce4331a690d2bc9a1fd976
 (id 22ee7b2c71ce4331a690d2bc9a1fd976)
2024-08-18 14:12:04.905 | INFO     | client:__init__:27 - CLIENT DONE
2024-08-18 14:12:05.826 | INFO     | __main__:<module>:16 - END
2024-08-18 14:12:14.252 | INFO     | __main__:<module>:6 - starting
2024-08-18 14:12:14.252 | INFO     | client:__init__:17 - STARTING CLIENT
2024-08-18 14:12:14.633 | INFO     | client:__init__:26 - client home defined to page test at url https://www.notion.so/test-22ee7b2c71ce4331a690d2bc9a1fd976
 (id 22ee7b2c71ce4331a690d2bc9a1fd976)
2024-08-18 14:12:14.633 | INFO     | client:__init__:27 - CLIENT DONE
2024-08-18 14:12:15.556 | INFO     | __main__:<module>:16 - END
2024-08-18 14:13:54.525 | INFO     | __main__:<module>:6 - starting
2024-08-18 14:13:54.525 | INFO     | client:__init__:17 - STARTING CLIENT
2024-08-18 14:13:55.402 | INFO     | client:__init__:24 - client home defined to page test at url https://www.notion.so/test-22ee7b2c71ce4331a690d2bc9a1fd976
 (id 22ee7b2c71ce4331a690d2bc9a1fd976)
2024-08-18 14:13:55.403 | INFO     | client:__init__:25 - CLIENT DONE
2024-08-18 14:13:56.396 | INFO     | __main__:<module>:16 - END
