2024-08-27 12:28:59.902 | INFO     | __main__:<module>:15 - starting
2024-08-27 12:28:59.903 | INFO     | client:__init__:17 - STARTING CLIENT
2024-08-27 12:29:00.353 | INFO     | client:open_page_by_id:46 - Page Império de Jade RPG at https://www.notion.so/Imp-rio-de-Jade-RPG-eb0732ffc77245039cff079d5e179cb8 retrieved successfully
2024-08-27 12:29:00.354 | INFO     | client:__init__:22 - client home defined to page Império de Jade RPG at url https://www.notion.so/Imp-rio-de-Jade-RPG-eb0732ffc77245039cff079d5e179cb8
 (id eb0732ffc77245039cff079d5e179cb8)
2024-08-27 12:29:00.354 | INFO     | client:__init__:23 - CLIENT DONE
2024-08-27 12:29:00.761 | INFO     | client:open_page_by_id:46 - Page Talentos da Tormenta at https://www.notion.so/Talentos-da-Tormenta-793a8eeb879f4281ba35b7edadec4417 retrieved successfully
2024-08-27 12:29:02.055 | INFO     | pages:new_page:72 - Page macaco created successfully at https://www.notion.so/macaco-5e475b8f347f400381c5a566a5515c5c
2024-08-27 12:29:02.056 | ERROR    | __main__:<module>:25 - Object of type Page is not JSON serializable
Traceback (most recent call last):

> File "/home/lusca/projetos/notion-auto/src/main.py", line 21, in <module>
    r = client.new_page("rogeriooo")
        │      └ <function Client.new_page at 0x719172ee2320>
        └ <client.Client object at 0x7191735cdb10>

  File "/home/lusca/projetos/notion-auto/src/client.py", line 55, in new_page
    return self.home.new_page(title, icon, self.home)
           │    │    │        │      │     │    └ <pages.Page object at 0x719172edf730>
           │    │    │        │      │     └ <client.Client object at 0x7191735cdb10>
           │    │    │        │      └ '👍'
           │    │    │        └ 'rogeriooo'
           │    │    └ <function Page.new_page at 0x719172ee1d80>
           │    └ <pages.Page object at 0x719172edf730>
           └ <client.Client object at 0x7191735cdb10>

  File "/home/lusca/projetos/notion-auto/src/pages.py", line 69, in new_page
    response = post(PAGES_ENDPOINT, headers=self.headers, data=dumps(data))
               │    │                       │    │             │     └ {'parent': {'type': 'page_id', 'page_id': <pages.Page object at 0x719172edf730>}, 'icon': {'type': 'emoji', 'emoji': '👍'}, 'p...
               │    │                       │    │             └ <function dumps at 0x719173472710>
               │    │                       │    └ {'Authorization': 'Bearer secret_c6wZH7NSWhv5OMFQhDEIRHCLJUGA6cDQBsxqG8aYmNo', 'Content-Type': 'application/json', 'Notion-Ve...
               │    │                       └ <pages.Page object at 0x719172edf730>
               │    └ 'https://api.notion.com/v1/pages'
               └ <function post at 0x719172ecf6d0>

  File "/usr/lib/python3.10/json/__init__.py", line 231, in dumps
    return _default_encoder.encode(obj)
           │                │      └ {'parent': {'type': 'page_id', 'page_id': <pages.Page object at 0x719172edf730>}, 'icon': {'type': 'emoji', 'emoji': '👍'}, 'p...
           │                └ <function JSONEncoder.encode at 0x719173472a70>
           └ <json.encoder.JSONEncoder object at 0x71917346d1e0>
  File "/usr/lib/python3.10/json/encoder.py", line 199, in encode
    chunks = self.iterencode(o, _one_shot=True)
             │    │          └ {'parent': {'type': 'page_id', 'page_id': <pages.Page object at 0x719172edf730>}, 'icon': {'type': 'emoji', 'emoji': '👍'}, 'p...
             │    └ <function JSONEncoder.iterencode at 0x719173472b00>
             └ <json.encoder.JSONEncoder object at 0x71917346d1e0>
  File "/usr/lib/python3.10/json/encoder.py", line 257, in iterencode
    return _iterencode(o, 0)
           │           └ {'parent': {'type': 'page_id', 'page_id': <pages.Page object at 0x719172edf730>}, 'icon': {'type': 'emoji', 'emoji': '👍'}, 'p...
           └ <_json.Encoder object at 0x719172f404c0>
  File "/usr/lib/python3.10/json/encoder.py", line 179, in default
    raise TypeError(f'Object of type {o.__class__.__name__} '

TypeError: Object of type Page is not JSON serializable
2024-08-27 12:29:02.075 | INFO     | __main__:<module>:27 - END
2024-08-27 12:32:10.011 | INFO     | __main__:<module>:15 - starting
2024-08-27 12:32:10.011 | INFO     | client:__init__:17 - STARTING CLIENT
2024-08-27 12:32:11.237 | INFO     | client:open_page_by_id:46 - Page Império de Jade RPG at https://www.notion.so/Imp-rio-de-Jade-RPG-eb0732ffc77245039cff079d5e179cb8 retrieved successfully
2024-08-27 12:32:11.238 | INFO     | client:__init__:22 - client home defined to page Império de Jade RPG at url https://www.notion.so/Imp-rio-de-Jade-RPG-eb0732ffc77245039cff079d5e179cb8
 (id eb0732ffc77245039cff079d5e179cb8)
2024-08-27 12:32:11.239 | INFO     | client:__init__:23 - CLIENT DONE
2024-08-27 12:32:11.856 | INFO     | client:open_page_by_id:46 - Page Talentos da Tormenta at https://www.notion.so/Talentos-da-Tormenta-793a8eeb879f4281ba35b7edadec4417 retrieved successfully
2024-08-27 12:32:12.874 | INFO     | pages:new_page:74 - Failed to create page. Status code: 400
2024-08-27 12:32:12.875 | INFO     | pages:new_page:75 - {"object":"error","status":400,"code":"validation_error","message":"body failed validation: body.icon should be an object, `null`, or `undefined`, instead was `\"{\\\"type\\\": \\\"emoji\\\", \\\"emoji\\\": \\\"\\\\ud83d\\\\udc4d\\\"}\"`.","request_id":"468ed3ea-b2f5-4aef-aea3-9daa4ff0f6f2"}
2024-08-27 12:32:12.875 | ERROR    | __main__:<module>:25 - Object of type Page is not JSON serializable
Traceback (most recent call last):

> File "/home/lusca/projetos/notion-auto/src/main.py", line 21, in <module>
    r = client.new_page("rogeriooo")
        │      └ <function Client.new_page at 0x71636f452320>
        └ <client.Client object at 0x71636f44cee0>

  File "/home/lusca/projetos/notion-auto/src/client.py", line 55, in new_page
    return self.home.new_page(title, icon, self.home)
           │    │    │        │      │     │    └ <pages.Page object at 0x71636f44f790>
           │    │    │        │      │     └ <client.Client object at 0x71636f44cee0>
           │    │    │        │      └ '👍'
           │    │    │        └ 'rogeriooo'
           │    │    └ <function Page.new_page at 0x71636f451d80>
           │    └ <pages.Page object at 0x71636f44f790>
           └ <client.Client object at 0x71636f44cee0>

  File "/home/lusca/projetos/notion-auto/src/pages.py", line 69, in new_page
    response = post(PAGES_ENDPOINT, headers=self.headers, data=dumps(data))
               │    │                       │    │             │     └ {'parent': {'type': 'page_id', 'page_id': <pages.Page object at 0x71636f44f790>}, 'icon': '{"type": "emoji", "emoji": "\\ud83...
               │    │                       │    │             └ <function dumps at 0x71636f96e710>
               │    │                       │    └ {'Authorization': 'Bearer secret_c6wZH7NSWhv5OMFQhDEIRHCLJUGA6cDQBsxqG8aYmNo', 'Content-Type': 'application/json', 'Notion-Ve...
               │    │                       └ <pages.Page object at 0x71636f44f790>
               │    └ 'https://api.notion.com/v1/pages'
               └ <function post at 0x71636f43f6d0>

  File "/usr/lib/python3.10/json/__init__.py", line 231, in dumps
    return _default_encoder.encode(obj)
           │                │      └ {'parent': {'type': 'page_id', 'page_id': <pages.Page object at 0x71636f44f790>}, 'icon': '{"type": "emoji", "emoji": "\\ud83...
           │                └ <function JSONEncoder.encode at 0x71636f96ea70>
           └ <json.encoder.JSONEncoder object at 0x71636f9691e0>
  File "/usr/lib/python3.10/json/encoder.py", line 199, in encode
    chunks = self.iterencode(o, _one_shot=True)
             │    │          └ {'parent': {'type': 'page_id', 'page_id': <pages.Page object at 0x71636f44f790>}, 'icon': '{"type": "emoji", "emoji": "\\ud83...
             │    └ <function JSONEncoder.iterencode at 0x71636f96eb00>
             └ <json.encoder.JSONEncoder object at 0x71636f9691e0>
  File "/usr/lib/python3.10/json/encoder.py", line 257, in iterencode
    return _iterencode(o, 0)
           │           └ {'parent': {'type': 'page_id', 'page_id': <pages.Page object at 0x71636f44f790>}, 'icon': '{"type": "emoji", "emoji": "\\ud83...
           └ <_json.Encoder object at 0x71636f4ac5e0>
  File "/usr/lib/python3.10/json/encoder.py", line 179, in default
    raise TypeError(f'Object of type {o.__class__.__name__} '

TypeError: Object of type Page is not JSON serializable
2024-08-27 12:32:12.885 | INFO     | __main__:<module>:27 - END
2024-08-27 12:35:33.113 | INFO     | __main__:<module>:15 - starting
2024-08-27 12:35:33.114 | INFO     | client:__init__:17 - STARTING CLIENT
2024-08-27 12:35:34.827 | INFO     | client:open_page_by_id:46 - Page Império de Jade RPG at https://www.notion.so/Imp-rio-de-Jade-RPG-eb0732ffc77245039cff079d5e179cb8 retrieved successfully
2024-08-27 12:35:34.828 | INFO     | client:__init__:22 - client home defined to page Império de Jade RPG at url https://www.notion.so/Imp-rio-de-Jade-RPG-eb0732ffc77245039cff079d5e179cb8
 (id eb0732ffc77245039cff079d5e179cb8)
2024-08-27 12:35:34.828 | INFO     | client:__init__:23 - CLIENT DONE
2024-08-27 12:35:35.227 | INFO     | client:open_page_by_id:46 - Page Talentos da Tormenta at https://www.notion.so/Talentos-da-Tormenta-793a8eeb879f4281ba35b7edadec4417 retrieved successfully
2024-08-27 12:35:35.635 | INFO     | pages:new_page:74 - Failed to create page. Status code: 400
2024-08-27 12:35:35.635 | INFO     | pages:new_page:75 - {"object":"error","status":400,"code":"invalid_json","message":"Error parsing JSON body."}
2024-08-27 12:35:35.941 | INFO     | pages:new_page:74 - Failed to create page. Status code: 400
2024-08-27 12:35:35.942 | INFO     | pages:new_page:75 - {"object":"error","status":400,"code":"invalid_json","message":"Error parsing JSON body."}
2024-08-27 12:35:35.943 | ERROR    | __main__:<module>:25 - 'NoneType' object has no attribute 'add_equation'
Traceback (most recent call last):

> File "/home/lusca/projetos/notion-auto/src/main.py", line 22, in <module>
    r.add_equation('a^2 + b^2 = c^2')
    └ None

AttributeError: 'NoneType' object has no attribute 'add_equation'
2024-08-27 12:35:35.950 | INFO     | __main__:<module>:27 - END
2024-08-27 12:36:31.172 | INFO     | __main__:<module>:15 - starting
2024-08-27 12:36:31.173 | INFO     | client:__init__:17 - STARTING CLIENT
2024-08-27 12:36:32.144 | INFO     | client:open_page_by_id:46 - Page Império de Jade RPG at https://www.notion.so/Imp-rio-de-Jade-RPG-eb0732ffc77245039cff079d5e179cb8 retrieved successfully
2024-08-27 12:36:32.145 | INFO     | client:__init__:22 - client home defined to page Império de Jade RPG at url https://www.notion.so/Imp-rio-de-Jade-RPG-eb0732ffc77245039cff079d5e179cb8
 (id eb0732ffc77245039cff079d5e179cb8)
2024-08-27 12:36:32.146 | INFO     | client:__init__:23 - CLIENT DONE
2024-08-27 12:36:32.514 | INFO     | client:open_page_by_id:46 - Page Talentos da Tormenta at https://www.notion.so/Talentos-da-Tormenta-793a8eeb879f4281ba35b7edadec4417 retrieved successfully
2024-08-27 12:36:32.885 | INFO     | pages:new_page:74 - Failed to create page. Status code: 400
2024-08-27 12:36:32.886 | INFO     | pages:new_page:75 - {"object":"error","status":400,"code":"invalid_json","message":"Error parsing JSON body."}
2024-08-27 12:36:33.194 | INFO     | pages:new_page:74 - Failed to create page. Status code: 400
2024-08-27 12:36:33.194 | INFO     | pages:new_page:75 - {"object":"error","status":400,"code":"invalid_json","message":"Error parsing JSON body."}
2024-08-27 12:36:33.195 | ERROR    | __main__:<module>:25 - 'NoneType' object has no attribute 'add_equation'
Traceback (most recent call last):

> File "/home/lusca/projetos/notion-auto/src/main.py", line 22, in <module>
    r.add_equation('a^2 + b^2 = c^2')
    └ None

AttributeError: 'NoneType' object has no attribute 'add_equation'
2024-08-27 12:36:33.202 | INFO     | __main__:<module>:27 - END
2024-08-27 12:36:59.623 | INFO     | __main__:<module>:15 - starting
2024-08-27 12:36:59.623 | INFO     | client:__init__:17 - STARTING CLIENT
2024-08-27 12:37:00.044 | INFO     | client:open_page_by_id:46 - Page Império de Jade RPG at https://www.notion.so/Imp-rio-de-Jade-RPG-eb0732ffc77245039cff079d5e179cb8 retrieved successfully
2024-08-27 12:37:00.045 | INFO     | client:__init__:22 - client home defined to page Império de Jade RPG at url https://www.notion.so/Imp-rio-de-Jade-RPG-eb0732ffc77245039cff079d5e179cb8
 (id eb0732ffc77245039cff079d5e179cb8)
2024-08-27 12:37:00.045 | INFO     | client:__init__:23 - CLIENT DONE
2024-08-27 12:37:01.040 | INFO     | client:open_page_by_id:46 - Page Talentos da Tormenta at https://www.notion.so/Talentos-da-Tormenta-793a8eeb879f4281ba35b7edadec4417 retrieved successfully
2024-08-27 12:37:01.450 | INFO     | pages:new_page:74 - Failed to create page. Status code: 400
2024-08-27 12:37:01.450 | INFO     | pages:new_page:75 - {"object":"error","status":400,"code":"invalid_json","message":"Error parsing JSON body."}
2024-08-27 12:37:01.784 | INFO     | pages:new_page:74 - Failed to create page. Status code: 400
2024-08-27 12:37:01.785 | INFO     | pages:new_page:75 - {"object":"error","status":400,"code":"invalid_json","message":"Error parsing JSON body."}
2024-08-27 12:37:01.785 | ERROR    | __main__:<module>:25 - 'NoneType' object has no attribute 'add_equation'
Traceback (most recent call last):

> File "/home/lusca/projetos/notion-auto/src/main.py", line 22, in <module>
    r.add_equation('a^2 + b^2 = c^2')
    └ None

AttributeError: 'NoneType' object has no attribute 'add_equation'
2024-08-27 12:37:01.794 | INFO     | __main__:<module>:27 - END
2024-08-27 12:38:24.329 | INFO     | __main__:<module>:15 - starting
2024-08-27 12:38:24.329 | INFO     | client:__init__:17 - STARTING CLIENT
2024-08-27 12:38:24.741 | INFO     | client:open_page_by_id:46 - Page Império de Jade RPG at https://www.notion.so/Imp-rio-de-Jade-RPG-eb0732ffc77245039cff079d5e179cb8 retrieved successfully
2024-08-27 12:38:24.742 | INFO     | client:__init__:22 - client home defined to page Império de Jade RPG at url https://www.notion.so/Imp-rio-de-Jade-RPG-eb0732ffc77245039cff079d5e179cb8
 (id eb0732ffc77245039cff079d5e179cb8)
2024-08-27 12:38:24.742 | INFO     | client:__init__:23 - CLIENT DONE
2024-08-27 12:38:25.217 | INFO     | client:open_page_by_id:46 - Page Talentos da Tormenta at https://www.notion.so/Talentos-da-Tormenta-793a8eeb879f4281ba35b7edadec4417 retrieved successfully
2024-08-27 12:38:25.626 | INFO     | pages:new_page:74 - Failed to create page. Status code: 400
2024-08-27 12:38:25.627 | INFO     | pages:new_page:75 - {"object":"error","status":400,"code":"validation_error","message":"body failed validation: body.icon should be an object, `null`, or `undefined`, instead was `\"{\\\"type\\\": \\\"emoji\\\", \\\"emoji\\\": \\\"\\\\ud83d\\\\udc4d\\\"}\"`.","request_id":"4eebd62c-5ec3-423f-a59c-7eb9323d347d"}
2024-08-27 12:38:25.628 | ERROR    | __main__:<module>:25 - Object of type Page is not JSON serializable
Traceback (most recent call last):

> File "/home/lusca/projetos/notion-auto/src/main.py", line 21, in <module>
    r = client.new_page("rogeriooo")
        │      └ <function Client.new_page at 0x799f7a5fa320>
        └ <client.Client object at 0x799f7a5f4ee0>

  File "/home/lusca/projetos/notion-auto/src/client.py", line 55, in new_page
    return self.home.new_page(title, icon, self.home)
           │    │    │        │      │     │    └ <pages.Page object at 0x799f7a5f7790>
           │    │    │        │      │     └ <client.Client object at 0x799f7a5f4ee0>
           │    │    │        │      └ '👍'
           │    │    │        └ 'rogeriooo'
           │    │    └ <function Page.new_page at 0x799f7a5f9d80>
           │    └ <pages.Page object at 0x799f7a5f7790>
           └ <client.Client object at 0x799f7a5f4ee0>

  File "/home/lusca/projetos/notion-auto/src/pages.py", line 69, in new_page
    response = post(PAGES_ENDPOINT, headers=self.headers, data=dumps(data))
               │    │                       │    │             │     └ {'parent': {'type': 'page_id', 'page_id': <pages.Page object at 0x799f7a5f7790>}, 'icon': '{"type": "emoji", "emoji": "\\ud83...
               │    │                       │    │             └ <function dumps at 0x799f7ab76710>
               │    │                       │    └ {'Authorization': 'Bearer secret_c6wZH7NSWhv5OMFQhDEIRHCLJUGA6cDQBsxqG8aYmNo', 'Content-Type': 'application/json', 'Notion-Ve...
               │    │                       └ <pages.Page object at 0x799f7a5f7790>
               │    └ 'https://api.notion.com/v1/pages'
               └ <function post at 0x799f7a5e76d0>

  File "/usr/lib/python3.10/json/__init__.py", line 231, in dumps
    return _default_encoder.encode(obj)
           │                │      └ {'parent': {'type': 'page_id', 'page_id': <pages.Page object at 0x799f7a5f7790>}, 'icon': '{"type": "emoji", "emoji": "\\ud83...
           │                └ <function JSONEncoder.encode at 0x799f7ab76a70>
           └ <json.encoder.JSONEncoder object at 0x799f7ab711e0>
  File "/usr/lib/python3.10/json/encoder.py", line 199, in encode
    chunks = self.iterencode(o, _one_shot=True)
             │    │          └ {'parent': {'type': 'page_id', 'page_id': <pages.Page object at 0x799f7a5f7790>}, 'icon': '{"type": "emoji", "emoji": "\\ud83...
             │    └ <function JSONEncoder.iterencode at 0x799f7ab76b00>
             └ <json.encoder.JSONEncoder object at 0x799f7ab711e0>
  File "/usr/lib/python3.10/json/encoder.py", line 257, in iterencode
    return _iterencode(o, 0)
           │           └ {'parent': {'type': 'page_id', 'page_id': <pages.Page object at 0x799f7a5f7790>}, 'icon': '{"type": "emoji", "emoji": "\\ud83...
           └ <_json.Encoder object at 0x799f7a6545e0>
  File "/usr/lib/python3.10/json/encoder.py", line 179, in default
    raise TypeError(f'Object of type {o.__class__.__name__} '

TypeError: Object of type Page is not JSON serializable
2024-08-27 12:38:25.638 | INFO     | __main__:<module>:27 - END
2024-08-27 12:38:26.161 | INFO     | __main__:<module>:15 - starting
2024-08-27 12:38:26.162 | INFO     | client:__init__:17 - STARTING CLIENT
2024-08-27 12:38:26.652 | INFO     | client:open_page_by_id:46 - Page Império de Jade RPG at https://www.notion.so/Imp-rio-de-Jade-RPG-eb0732ffc77245039cff079d5e179cb8 retrieved successfully
2024-08-27 12:38:26.653 | INFO     | client:__init__:22 - client home defined to page Império de Jade RPG at url https://www.notion.so/Imp-rio-de-Jade-RPG-eb0732ffc77245039cff079d5e179cb8
 (id eb0732ffc77245039cff079d5e179cb8)
2024-08-27 12:38:26.653 | INFO     | client:__init__:23 - CLIENT DONE
2024-08-27 12:38:27.163 | INFO     | client:open_page_by_id:46 - Page Talentos da Tormenta at https://www.notion.so/Talentos-da-Tormenta-793a8eeb879f4281ba35b7edadec4417 retrieved successfully
2024-08-27 12:38:27.674 | INFO     | pages:new_page:74 - Failed to create page. Status code: 400
2024-08-27 12:38:27.674 | INFO     | pages:new_page:75 - {"object":"error","status":400,"code":"validation_error","message":"body failed validation: body.icon should be an object, `null`, or `undefined`, instead was `\"{\\\"type\\\": \\\"emoji\\\", \\\"emoji\\\": \\\"\\\\ud83d\\\\udc4d\\\"}\"`.","request_id":"14a79528-4070-427c-a630-5e3278eb00d9"}
2024-08-27 12:38:27.675 | ERROR    | __main__:<module>:25 - Object of type Page is not JSON serializable
Traceback (most recent call last):

> File "/home/lusca/projetos/notion-auto/src/main.py", line 21, in <module>
    r = client.new_page("rogeriooo")
        │      └ <function Client.new_page at 0x792ec78a23b0>
        └ <client.Client object at 0x792ec789cd60>

  File "/home/lusca/projetos/notion-auto/src/client.py", line 55, in new_page
    return self.home.new_page(title, icon, self.home)
           │    │    │        │      │     │    └ <pages.Page object at 0x792ec789f790>
           │    │    │        │      │     └ <client.Client object at 0x792ec789cd60>
           │    │    │        │      └ '👍'
           │    │    │        └ 'rogeriooo'
           │    │    └ <function Page.new_page at 0x792ec78a1e10>
           │    └ <pages.Page object at 0x792ec789f790>
           └ <client.Client object at 0x792ec789cd60>

  File "/home/lusca/projetos/notion-auto/src/pages.py", line 69, in new_page
    response = post(PAGES_ENDPOINT, headers=self.headers, data=dumps(data))
               │    │                       │    │             │     └ {'parent': {'type': 'page_id', 'page_id': <pages.Page object at 0x792ec789f790>}, 'icon': '{"type": "emoji", "emoji": "\\ud83...
               │    │                       │    │             └ <function dumps at 0x792ec7e72710>
               │    │                       │    └ {'Authorization': 'Bearer secret_c6wZH7NSWhv5OMFQhDEIRHCLJUGA6cDQBsxqG8aYmNo', 'Content-Type': 'application/json', 'Notion-Ve...
               │    │                       └ <pages.Page object at 0x792ec789f790>
               │    └ 'https://api.notion.com/v1/pages'
               └ <function post at 0x792ec788b760>

  File "/usr/lib/python3.10/json/__init__.py", line 231, in dumps
    return _default_encoder.encode(obj)
           │                │      └ {'parent': {'type': 'page_id', 'page_id': <pages.Page object at 0x792ec789f790>}, 'icon': '{"type": "emoji", "emoji": "\\ud83...
           │                └ <function JSONEncoder.encode at 0x792ec7e72a70>
           └ <json.encoder.JSONEncoder object at 0x792ec7e6d1e0>
  File "/usr/lib/python3.10/json/encoder.py", line 199, in encode
    chunks = self.iterencode(o, _one_shot=True)
             │    │          └ {'parent': {'type': 'page_id', 'page_id': <pages.Page object at 0x792ec789f790>}, 'icon': '{"type": "emoji", "emoji": "\\ud83...
             │    └ <function JSONEncoder.iterencode at 0x792ec7e72b00>
             └ <json.encoder.JSONEncoder object at 0x792ec7e6d1e0>
  File "/usr/lib/python3.10/json/encoder.py", line 257, in iterencode
    return _iterencode(o, 0)
           │           └ {'parent': {'type': 'page_id', 'page_id': <pages.Page object at 0x792ec789f790>}, 'icon': '{"type": "emoji", "emoji": "\\ud83...
           └ <_json.Encoder object at 0x792ec78f8700>
  File "/usr/lib/python3.10/json/encoder.py", line 179, in default
    raise TypeError(f'Object of type {o.__class__.__name__} '

TypeError: Object of type Page is not JSON serializable
2024-08-27 12:38:27.688 | INFO     | __main__:<module>:27 - END
2024-08-27 12:39:25.604 | INFO     | __main__:<module>:15 - starting
2024-08-27 12:39:25.604 | INFO     | client:__init__:17 - STARTING CLIENT
2024-08-27 12:39:26.034 | INFO     | client:open_page_by_id:46 - Page Império de Jade RPG at https://www.notion.so/Imp-rio-de-Jade-RPG-eb0732ffc77245039cff079d5e179cb8 retrieved successfully
2024-08-27 12:39:26.035 | INFO     | client:__init__:22 - client home defined to page Império de Jade RPG at url https://www.notion.so/Imp-rio-de-Jade-RPG-eb0732ffc77245039cff079d5e179cb8
 (id eb0732ffc77245039cff079d5e179cb8)
2024-08-27 12:39:26.035 | INFO     | client:__init__:23 - CLIENT DONE
2024-08-27 12:39:27.326 | INFO     | client:open_page_by_id:46 - Page Talentos da Tormenta at https://www.notion.so/Talentos-da-Tormenta-793a8eeb879f4281ba35b7edadec4417 retrieved successfully
2024-08-27 12:39:27.670 | INFO     | pages:new_page:74 - Failed to create page. Status code: 400
2024-08-27 12:39:27.670 | INFO     | pages:new_page:75 - {"object":"error","status":400,"code":"validation_error","message":"body failed validation: body.icon should be an object, `null`, or `undefined`, instead was `\"{\\\"type\\\": \\\"emoji\\\", \\\"emoji\\\": \\\"\\\\ud83d\\\\udc4d\\\"}\"`.","request_id":"9ab9a15f-1f17-4b61-b5ee-c8e0750da482"}
2024-08-27 12:39:27.671 | ERROR    | __main__:<module>:25 - Object of type Page is not JSON serializable
Traceback (most recent call last):

> File "/home/lusca/projetos/notion-auto/src/main.py", line 21, in <module>
    r = client.new_page("rogeriooo")
        │      └ <function Client.new_page at 0x75aba8fa2320>
        └ <client.Client object at 0x75aba8f9cee0>

  File "/home/lusca/projetos/notion-auto/src/client.py", line 55, in new_page
    return self.home.new_page(title, icon, self.home)
           │    │    │        │      │     │    └ <pages.Page object at 0x75aba8f9f790>
           │    │    │        │      │     └ <client.Client object at 0x75aba8f9cee0>
           │    │    │        │      └ '👍'
           │    │    │        └ 'rogeriooo'
           │    │    └ <function Page.new_page at 0x75aba8fa1d80>
           │    └ <pages.Page object at 0x75aba8f9f790>
           └ <client.Client object at 0x75aba8f9cee0>

  File "/home/lusca/projetos/notion-auto/src/pages.py", line 69, in new_page
    response = post(PAGES_ENDPOINT, headers=self.headers, data=dumps(data))
               │    │                       │    │             │     └ {'parent': {'type': 'page_id', 'page_id': <pages.Page object at 0x75aba8f9f790>}, 'icon': '{"type": "emoji", "emoji": "\\ud83...
               │    │                       │    │             └ <function dumps at 0x75aba9572710>
               │    │                       │    └ {'Authorization': 'Bearer secret_c6wZH7NSWhv5OMFQhDEIRHCLJUGA6cDQBsxqG8aYmNo', 'Content-Type': 'application/json', 'Notion-Ve...
               │    │                       └ <pages.Page object at 0x75aba8f9f790>
               │    └ 'https://api.notion.com/v1/pages'
               └ <function post at 0x75aba8f8f6d0>

  File "/usr/lib/python3.10/json/__init__.py", line 231, in dumps
    return _default_encoder.encode(obj)
           │                │      └ {'parent': {'type': 'page_id', 'page_id': <pages.Page object at 0x75aba8f9f790>}, 'icon': '{"type": "emoji", "emoji": "\\ud83...
           │                └ <function JSONEncoder.encode at 0x75aba9572a70>
           └ <json.encoder.JSONEncoder object at 0x75aba956d1e0>
  File "/usr/lib/python3.10/json/encoder.py", line 199, in encode
    chunks = self.iterencode(o, _one_shot=True)
             │    │          └ {'parent': {'type': 'page_id', 'page_id': <pages.Page object at 0x75aba8f9f790>}, 'icon': '{"type": "emoji", "emoji": "\\ud83...
             │    └ <function JSONEncoder.iterencode at 0x75aba9572b00>
             └ <json.encoder.JSONEncoder object at 0x75aba956d1e0>
  File "/usr/lib/python3.10/json/encoder.py", line 257, in iterencode
    return _iterencode(o, 0)
           │           └ {'parent': {'type': 'page_id', 'page_id': <pages.Page object at 0x75aba8f9f790>}, 'icon': '{"type": "emoji", "emoji": "\\ud83...
           └ <_json.Encoder object at 0x75aba8ffc5e0>
  File "/usr/lib/python3.10/json/encoder.py", line 179, in default
    raise TypeError(f'Object of type {o.__class__.__name__} '

TypeError: Object of type Page is not JSON serializable
2024-08-27 12:39:27.680 | INFO     | __main__:<module>:27 - END
2024-08-27 12:40:31.126 | INFO     | __main__:<module>:15 - starting
2024-08-27 12:40:31.127 | INFO     | client:__init__:17 - STARTING CLIENT
2024-08-27 12:40:31.554 | INFO     | client:open_page_by_id:46 - Page Império de Jade RPG at https://www.notion.so/Imp-rio-de-Jade-RPG-eb0732ffc77245039cff079d5e179cb8 retrieved successfully
2024-08-27 12:40:31.555 | INFO     | client:__init__:22 - client home defined to page Império de Jade RPG at url https://www.notion.so/Imp-rio-de-Jade-RPG-eb0732ffc77245039cff079d5e179cb8
 (id eb0732ffc77245039cff079d5e179cb8)
2024-08-27 12:40:31.555 | INFO     | client:__init__:23 - CLIENT DONE
2024-08-27 12:40:32.066 | INFO     | client:open_page_by_id:46 - Page Talentos da Tormenta at https://www.notion.so/Talentos-da-Tormenta-793a8eeb879f4281ba35b7edadec4417 retrieved successfully
2024-08-27 12:40:32.583 | INFO     | pages:new_page:74 - Failed to create page. Status code: 400
2024-08-27 12:40:32.584 | INFO     | pages:new_page:75 - {"object":"error","status":400,"code":"validation_error","message":"body failed validation: body.icon should be an object, `null`, or `undefined`, instead was `\"{\\\"type\\\": \\\"emoji\\\", \\\"emoji\\\": \\\"\\\\ud83d\\\\udc4d\\\"}\"`.","request_id":"3a99b06c-1f2f-4724-9877-1ad55e5ae7d1"}
2024-08-27 12:40:32.585 | ERROR    | __main__:<module>:25 - Object of type Page is not JSON serializable
Traceback (most recent call last):

> File "/home/lusca/projetos/notion-auto/src/main.py", line 21, in <module>
    r = client.new_page("rogeriooo")
        │      └ <function Client.new_page at 0x7f37b8c1e320>
        └ <client.Client object at 0x7f37b8c18e20>

  File "/home/lusca/projetos/notion-auto/src/client.py", line 55, in new_page
    return self.home.new_page(title, root_id=self.home)
           │    │    │        │              │    └ <pages.Page object at 0x7f37b8c1b790>
           │    │    │        │              └ <client.Client object at 0x7f37b8c18e20>
           │    │    │        └ 'rogeriooo'
           │    │    └ <function Page.new_page at 0x7f37b8c1dd80>
           │    └ <pages.Page object at 0x7f37b8c1b790>
           └ <client.Client object at 0x7f37b8c18e20>

  File "/home/lusca/projetos/notion-auto/src/pages.py", line 69, in new_page
    response = post(PAGES_ENDPOINT, headers=self.headers, data=dumps(data))
               │    │                       │    │             │     └ {'parent': {'type': 'page_id', 'page_id': <pages.Page object at 0x7f37b8c1b790>}, 'icon': '{"type": "emoji", "emoji": "\\ud83...
               │    │                       │    │             └ <function dumps at 0x7f37b916e710>
               │    │                       │    └ {'Authorization': 'Bearer secret_c6wZH7NSWhv5OMFQhDEIRHCLJUGA6cDQBsxqG8aYmNo', 'Content-Type': 'application/json', 'Notion-Ve...
               │    │                       └ <pages.Page object at 0x7f37b8c1b790>
               │    └ 'https://api.notion.com/v1/pages'
               └ <function post at 0x7f37b8e076d0>

  File "/usr/lib/python3.10/json/__init__.py", line 231, in dumps
    return _default_encoder.encode(obj)
           │                │      └ {'parent': {'type': 'page_id', 'page_id': <pages.Page object at 0x7f37b8c1b790>}, 'icon': '{"type": "emoji", "emoji": "\\ud83...
           │                └ <function JSONEncoder.encode at 0x7f37b916ea70>
           └ <json.encoder.JSONEncoder object at 0x7f37b91691e0>
  File "/usr/lib/python3.10/json/encoder.py", line 199, in encode
    chunks = self.iterencode(o, _one_shot=True)
             │    │          └ {'parent': {'type': 'page_id', 'page_id': <pages.Page object at 0x7f37b8c1b790>}, 'icon': '{"type": "emoji", "emoji": "\\ud83...
             │    └ <function JSONEncoder.iterencode at 0x7f37b916eb00>
             └ <json.encoder.JSONEncoder object at 0x7f37b91691e0>
  File "/usr/lib/python3.10/json/encoder.py", line 257, in iterencode
    return _iterencode(o, 0)
           │           └ {'parent': {'type': 'page_id', 'page_id': <pages.Page object at 0x7f37b8c1b790>}, 'icon': '{"type": "emoji", "emoji": "\\ud83...
           └ <_json.Encoder object at 0x7f37b8c78700>
  File "/usr/lib/python3.10/json/encoder.py", line 179, in default
    raise TypeError(f'Object of type {o.__class__.__name__} '

TypeError: Object of type Page is not JSON serializable
2024-08-27 12:40:32.598 | INFO     | __main__:<module>:27 - END
2024-08-27 12:41:55.971 | INFO     | __main__:<module>:15 - starting
2024-08-27 12:41:55.971 | INFO     | client:__init__:17 - STARTING CLIENT
2024-08-27 12:41:56.555 | INFO     | client:open_page_by_id:46 - Page Império de Jade RPG at https://www.notion.so/Imp-rio-de-Jade-RPG-eb0732ffc77245039cff079d5e179cb8 retrieved successfully
2024-08-27 12:41:56.556 | INFO     | client:__init__:22 - client home defined to page Império de Jade RPG at url https://www.notion.so/Imp-rio-de-Jade-RPG-eb0732ffc77245039cff079d5e179cb8
 (id eb0732ffc77245039cff079d5e179cb8)
2024-08-27 12:41:56.557 | INFO     | client:__init__:23 - CLIENT DONE
2024-08-27 12:41:57.041 | INFO     | client:open_page_by_id:46 - Page Talentos da Tormenta at https://www.notion.so/Talentos-da-Tormenta-793a8eeb879f4281ba35b7edadec4417 retrieved successfully
2024-08-27 12:41:57.347 | INFO     | pages:new_page:74 - Failed to create page. Status code: 400
2024-08-27 12:41:57.348 | INFO     | pages:new_page:75 - {"object":"error","status":400,"code":"validation_error","message":"body failed validation: body.icon should be an object, `null`, or `undefined`, instead was `\"{\\\"type\\\": \\\"emoji\\\", \\\"emoji\\\": \\\"\\\\ud83d\\\\udc4d\\\"}\"`.","request_id":"371aa9e2-0f3f-4a15-a9c1-e68acbfdc0b6"}
2024-08-27 12:41:57.348 | ERROR    | __main__:<module>:25 - 'Client' object has no attribute 'home_id'
Traceback (most recent call last):

> File "/home/lusca/projetos/notion-auto/src/main.py", line 21, in <module>
    r = client.new_page("rogeriooo")
        │      └ <function Client.new_page at 0x723f05b52320>
        └ <client.Client object at 0x723f05b4ce20>

  File "/home/lusca/projetos/notion-auto/src/client.py", line 55, in new_page
    return self.home.new_page(title, root_id=self.home_id)
           │    │    │        │              └ <client.Client object at 0x723f05b4ce20>
           │    │    │        └ 'rogeriooo'
           │    │    └ <function Page.new_page at 0x723f05b51d80>
           │    └ <pages.Page object at 0x723f05b4f790>
           └ <client.Client object at 0x723f05b4ce20>

AttributeError: 'Client' object has no attribute 'home_id'
2024-08-27 12:41:57.354 | INFO     | __main__:<module>:27 - END
2024-08-27 12:42:31.871 | INFO     | __main__:<module>:15 - starting
2024-08-27 12:42:31.871 | INFO     | client:__init__:17 - STARTING CLIENT
2024-08-27 12:42:32.269 | INFO     | client:open_page_by_id:46 - Page Império de Jade RPG at https://www.notion.so/Imp-rio-de-Jade-RPG-eb0732ffc77245039cff079d5e179cb8 retrieved successfully
2024-08-27 12:42:32.269 | INFO     | client:__init__:22 - client home defined to page Império de Jade RPG at url https://www.notion.so/Imp-rio-de-Jade-RPG-eb0732ffc77245039cff079d5e179cb8
 (id eb0732ffc77245039cff079d5e179cb8)
2024-08-27 12:42:32.270 | INFO     | client:__init__:23 - CLIENT DONE
2024-08-27 12:42:32.775 | INFO     | client:open_page_by_id:46 - Page Talentos da Tormenta at https://www.notion.so/Talentos-da-Tormenta-793a8eeb879f4281ba35b7edadec4417 retrieved successfully
2024-08-27 12:42:33.184 | INFO     | pages:new_page:74 - Failed to create page. Status code: 400
2024-08-27 12:42:33.184 | INFO     | pages:new_page:75 - {"object":"error","status":400,"code":"validation_error","message":"body failed validation: body.icon should be an object, `null`, or `undefined`, instead was `\"{\\\"type\\\": \\\"emoji\\\", \\\"emoji\\\": \\\"\\\\ud83d\\\\udc4d\\\"}\"`.","request_id":"c8ceb579-3e97-42ab-9cb5-0b0b4fe3e6b6"}
2024-08-27 12:42:33.185 | ERROR    | __main__:<module>:25 - 'Client' object has no attribute 'home_id'
Traceback (most recent call last):

> File "/home/lusca/projetos/notion-auto/src/main.py", line 21, in <module>
    r = client.new_page("rogeriooo")
        │      └ <function Client.new_page at 0x7137e51c6320>
        └ <client.Client object at 0x7137e51c0df0>

  File "/home/lusca/projetos/notion-auto/src/client.py", line 55, in new_page
    return self.home.new_page(title, root_id=self.home_id)
           │    │    │        │              └ <client.Client object at 0x7137e51c0df0>
           │    │    │        └ 'rogeriooo'
           │    │    └ <function Page.new_page at 0x7137e51c5d80>
           │    └ <pages.Page object at 0x7137e51c3790>
           └ <client.Client object at 0x7137e51c0df0>

AttributeError: 'Client' object has no attribute 'home_id'
2024-08-27 12:42:33.192 | INFO     | __main__:<module>:27 - END
2024-08-27 12:43:06.364 | INFO     | __main__:<module>:15 - starting
2024-08-27 12:43:06.364 | INFO     | client:__init__:17 - STARTING CLIENT
2024-08-27 12:43:07.276 | INFO     | client:open_page_by_id:46 - Page Império de Jade RPG at https://www.notion.so/Imp-rio-de-Jade-RPG-eb0732ffc77245039cff079d5e179cb8 retrieved successfully
2024-08-27 12:43:07.277 | INFO     | client:__init__:22 - client home defined to page Império de Jade RPG at url https://www.notion.so/Imp-rio-de-Jade-RPG-eb0732ffc77245039cff079d5e179cb8
 (id eb0732ffc77245039cff079d5e179cb8)
2024-08-27 12:43:07.277 | INFO     | client:__init__:23 - CLIENT DONE
2024-08-27 12:43:07.686 | INFO     | client:open_page_by_id:46 - Page Talentos da Tormenta at https://www.notion.so/Talentos-da-Tormenta-793a8eeb879f4281ba35b7edadec4417 retrieved successfully
2024-08-27 12:43:07.973 | INFO     | pages:new_page:74 - Failed to create page. Status code: 400
2024-08-27 12:43:07.974 | INFO     | pages:new_page:75 - {"object":"error","status":400,"code":"validation_error","message":"body failed validation: body.icon should be an object, `null`, or `undefined`, instead was `\"{\\\"type\\\": \\\"emoji\\\", \\\"emoji\\\": \\\"\\\\ud83d\\\\udc4d\\\"}\"`.","request_id":"2e4e200b-83aa-4e2c-aa71-def9693fc6c4"}
2024-08-27 12:43:08.590 | INFO     | pages:new_page:74 - Failed to create page. Status code: 400
2024-08-27 12:43:08.590 | INFO     | pages:new_page:75 - {"object":"error","status":400,"code":"validation_error","message":"body failed validation: body.icon should be an object, `null`, or `undefined`, instead was `\"{\\\"type\\\": \\\"emoji\\\", \\\"emoji\\\": \\\"\\\\ud83d\\\\udc4d\\\"}\"`.","request_id":"8c44cdf0-b9f5-462b-afc7-aae30cfb96a5"}
2024-08-27 12:43:08.591 | ERROR    | __main__:<module>:25 - 'NoneType' object has no attribute 'add_equation'
Traceback (most recent call last):

> File "/home/lusca/projetos/notion-auto/src/main.py", line 22, in <module>
    r.add_equation('a^2 + b^2 = c^2')
    └ None

AttributeError: 'NoneType' object has no attribute 'add_equation'
2024-08-27 12:43:08.600 | INFO     | __main__:<module>:27 - END
2024-08-27 12:44:46.115 | INFO     | __main__:<module>:15 - starting
2024-08-27 12:44:46.115 | INFO     | client:__init__:17 - STARTING CLIENT
2024-08-27 12:44:46.427 | INFO     | client:open_page_by_id:46 - Page Império de Jade RPG at https://www.notion.so/Imp-rio-de-Jade-RPG-eb0732ffc77245039cff079d5e179cb8 retrieved successfully
2024-08-27 12:44:46.428 | INFO     | client:__init__:22 - client home defined to page Império de Jade RPG at url https://www.notion.so/Imp-rio-de-Jade-RPG-eb0732ffc77245039cff079d5e179cb8
 (id eb0732ffc77245039cff079d5e179cb8)
2024-08-27 12:44:46.428 | INFO     | client:__init__:23 - CLIENT DONE
2024-08-27 12:44:46.794 | INFO     | client:open_page_by_id:46 - Page Talentos da Tormenta at https://www.notion.so/Talentos-da-Tormenta-793a8eeb879f4281ba35b7edadec4417 retrieved successfully
2024-08-27 12:44:47.425 | INFO     | pages:new_page:71 - Page macaco created successfully at https://www.notion.so/macaco-50dd94ae46c741f194658b0680c7b477
2024-08-27 12:44:47.980 | INFO     | pages:new_page:71 - Page rogeriooo created successfully at https://www.notion.so/rogeriooo-5e3920cba29c491a81c61a9b77456dd8
2024-08-27 12:44:47.982 | ERROR    | __main__:<module>:25 - Invalid URL 'BLOCKS_ENDPOINT/5e3920cba29c491a81c61a9b77456dd8/children': No scheme supplied. Perhaps you meant https://BLOCKS_ENDPOINT/5e3920cba29c491a81c61a9b77456dd8/children?
Traceback (most recent call last):

> File "/home/lusca/projetos/notion-auto/src/main.py", line 22, in <module>
    r.add_equation('a^2 + b^2 = c^2')
    │ └ <function Page.add_equation at 0x75618c8160e0>
    └ <pages.Page object at 0x75618c812f20>

  File "/home/lusca/projetos/notion-auto/src/pages.py", line 276, in add_equation
    response = patch(url, headers=self.headers, data=data)
               │     │            │    │             └ {'type': 'equation', 'equation': {'expression': 'a^2 + b^2 = c^2'}, 'annotations': {'bold': False, 'italic': False, 'striketh...
               │     │            │    └ {'Authorization': 'Bearer secret_c6wZH7NSWhv5OMFQhDEIRHCLJUGA6cDQBsxqG8aYmNo', 'Content-Type': 'application/json', 'Notion-Ve...
               │     │            └ <pages.Page object at 0x75618c812f20>
               │     └ 'BLOCKS_ENDPOINT/5e3920cba29c491a81c61a9b77456dd8/children'
               └ <function patch at 0x75618c8037f0>

  File "/home/lusca/projetos/notion-auto/.venv/lib/python3.10/site-packages/requests/api.py", line 145, in patch
    return request("patch", url, data=data, **kwargs)
           │                │         │       └ {'headers': {'Authorization': 'Bearer secret_c6wZH7NSWhv5OMFQhDEIRHCLJUGA6cDQBsxqG8aYmNo', 'Content-Type': 'application/json'...
           │                │         └ {'type': 'equation', 'equation': {'expression': 'a^2 + b^2 = c^2'}, 'annotations': {'bold': False, 'italic': False, 'striketh...
           │                └ 'BLOCKS_ENDPOINT/5e3920cba29c491a81c61a9b77456dd8/children'
           └ <function request at 0x75618c9cd000>
  File "/home/lusca/projetos/notion-auto/.venv/lib/python3.10/site-packages/requests/api.py", line 59, in request
    return session.request(method=method, url=url, **kwargs)
           │       │              │           │      └ {'data': {'type': 'equation', 'equation': {'expression': 'a^2 + b^2 = c^2'}, 'annotations': {'bold': False, 'italic': False, ...
           │       │              │           └ 'BLOCKS_ENDPOINT/5e3920cba29c491a81c61a9b77456dd8/children'
           │       │              └ 'patch'
           │       └ <function Session.request at 0x75618c802cb0>
           └ <requests.sessions.Session object at 0x75618c812fb0>
  File "/home/lusca/projetos/notion-auto/.venv/lib/python3.10/site-packages/requests/sessions.py", line 575, in request
    prep = self.prepare_request(req)
           │    │               └ <Request [PATCH]>
           │    └ <function Session.prepare_request at 0x75618c802c20>
           └ <requests.sessions.Session object at 0x75618c812fb0>
  File "/home/lusca/projetos/notion-auto/.venv/lib/python3.10/site-packages/requests/sessions.py", line 484, in prepare_request
    p.prepare(
    │ └ <function PreparedRequest.prepare at 0x75618c8005e0>
    └ <PreparedRequest [PATCH]>
  File "/home/lusca/projetos/notion-auto/.venv/lib/python3.10/site-packages/requests/models.py", line 367, in prepare
    self.prepare_url(url, params)
    │    │           │    └ OrderedDict()
    │    │           └ 'BLOCKS_ENDPOINT/5e3920cba29c491a81c61a9b77456dd8/children'
    │    └ <function PreparedRequest.prepare_url at 0x75618c8008b0>
    └ <PreparedRequest [PATCH]>
  File "/home/lusca/projetos/notion-auto/.venv/lib/python3.10/site-packages/requests/models.py", line 438, in prepare_url
    raise MissingSchema(
          └ <class 'requests.exceptions.MissingSchema'>

requests.exceptions.MissingSchema: Invalid URL 'BLOCKS_ENDPOINT/5e3920cba29c491a81c61a9b77456dd8/children': No scheme supplied. Perhaps you meant https://BLOCKS_ENDPOINT/5e3920cba29c491a81c61a9b77456dd8/children?
2024-08-27 12:44:47.996 | INFO     | __main__:<module>:27 - END
2024-08-27 12:46:31.576 | INFO     | __main__:<module>:15 - starting
2024-08-27 12:46:31.576 | INFO     | client:__init__:17 - STARTING CLIENT
2024-08-27 12:46:31.921 | INFO     | client:open_page_by_id:46 - Page Império de Jade RPG at https://www.notion.so/Imp-rio-de-Jade-RPG-eb0732ffc77245039cff079d5e179cb8 retrieved successfully
2024-08-27 12:46:31.922 | INFO     | client:__init__:22 - client home defined to page Império de Jade RPG at url https://www.notion.so/Imp-rio-de-Jade-RPG-eb0732ffc77245039cff079d5e179cb8
 (id eb0732ffc77245039cff079d5e179cb8)
2024-08-27 12:46:31.922 | INFO     | client:__init__:23 - CLIENT DONE
2024-08-27 12:46:32.459 | INFO     | client:open_page_by_id:46 - Page Talentos da Tormenta at https://www.notion.so/Talentos-da-Tormenta-793a8eeb879f4281ba35b7edadec4417 retrieved successfully
2024-08-27 12:46:34.511 | INFO     | pages:new_page:71 - Page macaco created successfully at https://www.notion.so/macaco-dbd59ef986254178b6d1cd177360cf02
2024-08-27 12:46:38.091 | INFO     | pages:new_page:71 - Page rogeriooo created successfully at https://www.notion.so/rogeriooo-7321e100cced41a8920eeb73bc852466
2024-08-27 12:46:38.360 | INFO     | pages:add_equation:280 - Failed to add equation. Status code: 400
2024-08-27 12:46:38.361 | INFO     | pages:add_equation:281 - {"object":"error","status":400,"code":"invalid_json","message":"Error parsing JSON body."}
2024-08-27 12:46:38.361 | INFO     | __main__:<module>:27 - END
2024-08-27 12:47:14.032 | INFO     | __main__:<module>:15 - starting
2024-08-27 12:47:14.033 | INFO     | client:__init__:17 - STARTING CLIENT
2024-08-27 12:47:15.467 | INFO     | client:open_page_by_id:46 - Page Império de Jade RPG at https://www.notion.so/Imp-rio-de-Jade-RPG-eb0732ffc77245039cff079d5e179cb8 retrieved successfully
2024-08-27 12:47:15.467 | INFO     | client:__init__:22 - client home defined to page Império de Jade RPG at url https://www.notion.so/Imp-rio-de-Jade-RPG-eb0732ffc77245039cff079d5e179cb8
 (id eb0732ffc77245039cff079d5e179cb8)
2024-08-27 12:47:15.468 | INFO     | client:__init__:23 - CLIENT DONE
2024-08-27 12:47:15.978 | INFO     | client:open_page_by_id:46 - Page Talentos da Tormenta at https://www.notion.so/Talentos-da-Tormenta-793a8eeb879f4281ba35b7edadec4417 retrieved successfully
2024-08-27 12:47:16.695 | INFO     | pages:new_page:71 - Page macaco created successfully at https://www.notion.so/macaco-d8f6c8c873c84883aaa67c55da140a3a
2024-08-27 12:47:17.225 | INFO     | pages:new_page:71 - Page rogeriooo created successfully at https://www.notion.so/rogeriooo-0808ccb72ebe4d1eadfbd600467e8d74
2024-08-27 12:47:17.617 | INFO     | pages:add_equation:280 - Failed to add equation. Status code: 400
2024-08-27 12:47:17.617 | INFO     | pages:add_equation:281 - {"object":"error","status":400,"code":"validation_error","message":"body failed validation: body.children should be defined, instead was `undefined`.","request_id":"58570190-db89-4f41-a49b-609370d60b4f"}
2024-08-27 12:47:17.618 | INFO     | __main__:<module>:27 - END
2024-08-27 19:37:00.557 | INFO     | __main__:<module>:15 - starting
2024-08-27 19:37:00.557 | INFO     | client:__init__:17 - STARTING CLIENT
2024-08-27 19:37:01.786 | INFO     | client:open_page_by_id:46 - Page Império de Jade RPG at https://www.notion.so/Imp-rio-de-Jade-RPG-eb0732ffc77245039cff079d5e179cb8 retrieved successfully
2024-08-27 19:37:01.787 | INFO     | client:__init__:22 - client home defined to page Império de Jade RPG at url https://www.notion.so/Imp-rio-de-Jade-RPG-eb0732ffc77245039cff079d5e179cb8
 (id eb0732ffc77245039cff079d5e179cb8)
2024-08-27 19:37:01.787 | INFO     | client:__init__:23 - CLIENT DONE
2024-08-27 19:37:02.906 | INFO     | client:open_page_by_id:46 - Page Talentos da Tormenta at https://www.notion.so/Talentos-da-Tormenta-793a8eeb879f4281ba35b7edadec4417 retrieved successfully
2024-08-27 19:37:04.116 | INFO     | pages:new_page:71 - Page macaco created successfully at https://www.notion.so/macaco-b9448919ee6f4906b59152337d1c1b1b
2024-08-27 19:37:04.635 | INFO     | pages:new_page:71 - Page rogeriooo created successfully at https://www.notion.so/rogeriooo-9467eaed369e4213a432eb4c09e7cd8a
2024-08-27 19:37:04.635 | ERROR    | __main__:<module>:25 - 'Page' object has no attribute 'add_equation'
Traceback (most recent call last):

> File "/home/lusca/projetos/notion-auto/src/main.py", line 22, in <module>
    r.add_equation('a^2 + b^2 = c^2')
    └ <pages.Page object at 0x7613ca9e2f20>

AttributeError: 'Page' object has no attribute 'add_equation'
2024-08-27 19:37:04.643 | INFO     | __main__:<module>:27 - END
2024-08-27 19:38:09.310 | INFO     | __main__:<module>:15 - starting
2024-08-27 19:38:09.310 | INFO     | client:__init__:17 - STARTING CLIENT
2024-08-27 19:38:10.504 | INFO     | client:open_page_by_id:46 - Page Império de Jade RPG at https://www.notion.so/Imp-rio-de-Jade-RPG-eb0732ffc77245039cff079d5e179cb8 retrieved successfully
2024-08-27 19:38:10.505 | INFO     | client:__init__:22 - client home defined to page Império de Jade RPG at url https://www.notion.so/Imp-rio-de-Jade-RPG-eb0732ffc77245039cff079d5e179cb8
 (id eb0732ffc77245039cff079d5e179cb8)
2024-08-27 19:38:10.505 | INFO     | client:__init__:23 - CLIENT DONE
2024-08-27 19:38:11.012 | INFO     | client:open_page_by_id:46 - Page Talentos da Tormenta at https://www.notion.so/Talentos-da-Tormenta-793a8eeb879f4281ba35b7edadec4417 retrieved successfully
2024-08-27 19:38:12.291 | INFO     | pages:new_page:71 - Page macaco created successfully at https://www.notion.so/macaco-8835a28961224bfebdbd177120ac8a6b
2024-08-27 19:38:14.651 | INFO     | pages:new_page:71 - Page rogeriooo faroo created successfully at https://www.notion.so/rogeriooo-faroo-dbab206fa8cc4377bfde49a3b76e4e21
2024-08-27 19:38:14.996 | ERROR    | pages:add_bulleted_list:279 - {"object":"error","status":400,"code":"invalid_json","message":"Error parsing JSON body."}
NoneType: None
2024-08-27 19:38:14.998 | INFO     | __main__:<module>:29 - END
2024-08-27 19:38:55.433 | INFO     | __main__:<module>:15 - starting
2024-08-27 19:38:55.433 | INFO     | client:__init__:17 - STARTING CLIENT
2024-08-27 19:38:56.883 | INFO     | client:open_page_by_id:46 - Page Império de Jade RPG at https://www.notion.so/Imp-rio-de-Jade-RPG-eb0732ffc77245039cff079d5e179cb8 retrieved successfully
2024-08-27 19:38:56.884 | INFO     | client:__init__:22 - client home defined to page Império de Jade RPG at url https://www.notion.so/Imp-rio-de-Jade-RPG-eb0732ffc77245039cff079d5e179cb8
 (id eb0732ffc77245039cff079d5e179cb8)
2024-08-27 19:38:56.884 | INFO     | client:__init__:23 - CLIENT DONE
2024-08-27 19:38:57.927 | INFO     | client:open_page_by_id:46 - Page Talentos da Tormenta at https://www.notion.so/Talentos-da-Tormenta-793a8eeb879f4281ba35b7edadec4417 retrieved successfully
2024-08-27 19:38:58.606 | INFO     | pages:new_page:71 - Page macaco created successfully at https://www.notion.so/macaco-7338357fe748404cbe3ed20ab355b47e
2024-08-27 19:38:59.135 | INFO     | pages:new_page:71 - Page rogeriooo faroo created successfully at https://www.notion.so/rogeriooo-faroo-0fa3bfbade52465d9e3223f12c0b3fb3
2024-08-27 19:38:59.619 | ERROR    | pages:add_bulleted_list:279 - {"object":"error","status":400,"code":"validation_error","message":"body failed validation: body.children should be defined, instead was `undefined`.","request_id":"50b86350-f2c4-4b2d-b4b9-9cb899f8ba24"}
NoneType: None
2024-08-27 19:38:59.620 | INFO     | __main__:<module>:29 - END
2024-08-27 19:47:27.167 | INFO     | __main__:<module>:15 - starting
2024-08-27 19:47:27.167 | INFO     | client:__init__:17 - STARTING CLIENT
2024-08-27 19:47:28.874 | INFO     | client:open_page_by_id:46 - Page Império de Jade RPG at https://www.notion.so/Imp-rio-de-Jade-RPG-eb0732ffc77245039cff079d5e179cb8 retrieved successfully
2024-08-27 19:47:28.875 | INFO     | client:__init__:22 - client home defined to page Império de Jade RPG at url https://www.notion.so/Imp-rio-de-Jade-RPG-eb0732ffc77245039cff079d5e179cb8
 (id eb0732ffc77245039cff079d5e179cb8)
2024-08-27 19:47:28.876 | INFO     | client:__init__:23 - CLIENT DONE
2024-08-27 19:47:30.158 | INFO     | client:open_page_by_id:46 - Page Talentos da Tormenta at https://www.notion.so/Talentos-da-Tormenta-793a8eeb879f4281ba35b7edadec4417 retrieved successfully
2024-08-27 19:47:30.905 | INFO     | pages:new_page:71 - Page macaco created successfully at https://www.notion.so/macaco-c2f503f01a384f748101dfd738330ac8
2024-08-27 19:47:33.058 | INFO     | pages:new_page:71 - Page rogeriooo faroo created successfully at https://www.notion.so/rogeriooo-faroo-fd28983cfcda4c5daf7b546216bd8f09
2024-08-27 19:47:33.702 | ERROR    | pages:add_bulleted_list:294 - {"object":"error","status":400,"code":"validation_error","message":"body failed validation: body.children should be defined, instead was `undefined`.","request_id":"21b95508-dae1-4711-8d15-3d1609976558"}
NoneType: None
2024-08-27 19:47:33.704 | INFO     | __main__:<module>:29 - END
2024-08-27 19:54:57.631 | INFO     | __main__:<module>:15 - starting
2024-08-27 19:54:57.632 | INFO     | client:__init__:17 - STARTING CLIENT
2024-08-27 19:54:58.404 | INFO     | client:open_page_by_id:46 - Page Império de Jade RPG at https://www.notion.so/Imp-rio-de-Jade-RPG-eb0732ffc77245039cff079d5e179cb8 retrieved successfully
2024-08-27 19:54:58.405 | INFO     | client:__init__:22 - client home defined to page Império de Jade RPG at url https://www.notion.so/Imp-rio-de-Jade-RPG-eb0732ffc77245039cff079d5e179cb8
 (id eb0732ffc77245039cff079d5e179cb8)
2024-08-27 19:54:58.406 | INFO     | client:__init__:23 - CLIENT DONE
2024-08-27 19:54:59.024 | INFO     | client:open_page_by_id:46 - Page Talentos da Tormenta at https://www.notion.so/Talentos-da-Tormenta-793a8eeb879f4281ba35b7edadec4417 retrieved successfully
2024-08-27 19:55:00.516 | INFO     | pages:new_page:71 - Page macaco created successfully at https://www.notion.so/macaco-7ca8aa05e28a4241836b5a7e26a8d603
2024-08-27 19:55:02.933 | INFO     | pages:new_page:71 - Page rogeriooo faroo created successfully at https://www.notion.so/rogeriooo-faroo-1ed0944a5b1a4d658ed895f57b1ef3ef
2024-08-27 19:55:04.491 | INFO     | pages:add_bulleted_list:286 - foi
2024-08-27 19:55:04.492 | INFO     | __main__:<module>:29 - END
